2025-12-31 12:33:30 INFO  org.match.ProjectSpringbatchApplication - Starting ProjectSpringbatchApplication using Java 21.0.9 with PID 21341 (/media/lahboub/D1/projects/project-springbatch/target/classes started by lahboub in /media/lahboub/D1/projects/project-springbatch)
2025-12-31 12:33:30 INFO  org.match.ProjectSpringbatchApplication - No active profile set, falling back to 1 default profile: "default"
2025-12-31 12:33:32 INFO  o.s.d.r.config.RepositoryConfigurationDelegate - Multiple Spring Data modules found, entering strict repository configuration mode
2025-12-31 12:33:32 INFO  o.s.d.r.config.RepositoryConfigurationDelegate - Bootstrapping Spring Data JDBC repositories in DEFAULT mode.
2025-12-31 12:33:32 INFO  o.s.d.r.c.RepositoryConfigurationExtensionSupport - Spring Data JDBC - Could not safely identify store assignment for repository candidate interface org.match.repository.EntrySpectateurRepository; If you want this repository to be a JDBC repository, consider annotating your entities with one of these annotations: org.springframework.data.relational.core.mapping.Table.
2025-12-31 12:33:32 INFO  o.s.d.r.c.RepositoryConfigurationExtensionSupport - Spring Data JDBC - Could not safely identify store assignment for repository candidate interface org.match.repository.SpectateurRepository; If you want this repository to be a JDBC repository, consider annotating your entities with one of these annotations: org.springframework.data.relational.core.mapping.Table.
2025-12-31 12:33:32 INFO  o.s.d.r.c.RepositoryConfigurationExtensionSupport - Spring Data JDBC - Could not safely identify store assignment for repository candidate interface org.match.repository.StatisticsRepository; If you want this repository to be a JDBC repository, consider annotating your entities with one of these annotations: org.springframework.data.relational.core.mapping.Table.
2025-12-31 12:33:32 INFO  o.s.d.r.config.RepositoryConfigurationDelegate - Finished Spring Data repository scanning in 63 ms. Found 0 JDBC repository interfaces.
2025-12-31 12:33:32 INFO  o.s.d.r.config.RepositoryConfigurationDelegate - Multiple Spring Data modules found, entering strict repository configuration mode
2025-12-31 12:33:32 INFO  o.s.d.r.config.RepositoryConfigurationDelegate - Bootstrapping Spring Data JPA repositories in DEFAULT mode.
2025-12-31 12:33:32 INFO  o.s.d.r.config.RepositoryConfigurationDelegate - Finished Spring Data repository scanning in 77 ms. Found 3 JPA repository interfaces.
2025-12-31 12:33:33 INFO  org.springframework.boot.tomcat.TomcatWebServer - Tomcat initialized with port 8080 (http)
2025-12-31 12:33:33 INFO  org.apache.coyote.http11.Http11NioProtocol - Initializing ProtocolHandler ["http-nio-8080"]
2025-12-31 12:33:33 INFO  org.apache.catalina.core.StandardService - Starting service [Tomcat]
2025-12-31 12:33:33 INFO  org.apache.catalina.core.StandardEngine - Starting Servlet engine: [Apache Tomcat/11.0.14]
2025-12-31 12:33:33 INFO  o.s.b.w.c.servlet.WebApplicationContextInitializer - Root WebApplicationContext: initialization completed in 2967 ms
2025-12-31 12:33:34 INFO  org.hibernate.jpa.internal.util.LogHelper - HHH000204: Processing PersistenceUnitInfo [name: default]
2025-12-31 12:33:34 INFO  org.hibernate.Version - HHH000412: Hibernate ORM core version 7.1.8.Final
2025-12-31 12:33:35 INFO  o.s.o.j.persistenceunit.SpringPersistenceUnitInfo - No LoadTimeWeaver setup: ignoring JPA class transformer
2025-12-31 12:33:35 INFO  com.zaxxer.hikari.HikariDataSource - HikariPool-1 - Starting...
2025-12-31 12:33:35 INFO  com.zaxxer.hikari.pool.HikariPool - HikariPool-1 - Added connection org.postgresql.jdbc.PgConnection@1405aa6a
2025-12-31 12:33:35 INFO  com.zaxxer.hikari.HikariDataSource - HikariPool-1 - Start completed.
2025-12-31 12:33:35 WARN  org.hibernate.orm.deprecation - HHH90000025: PostgreSQLDialect does not need to be specified explicitly using 'hibernate.dialect' (remove the property setting and it will be selected by default)
2025-12-31 12:33:35 INFO  org.hibernate.orm.connections.pooling - HHH10001005: Database info:
	Database JDBC URL [jdbc:postgresql://localhost:5432/spec_db]
	Database driver: PostgreSQL JDBC Driver
	Database dialect: PostgreSQLDialect
	Database version: 15.15
	Default catalog/schema: spec_db/public
	Autocommit mode: undefined/unknown
	Isolation level: READ_COMMITTED [default READ_COMMITTED]
	JDBC fetch size: none
	Pool: DatasourceConnectionProviderImpl
	Minimum pool size: undefined/unknown
	Maximum pool size: undefined/unknown
2025-12-31 12:33:37 INFO  o.h.e.t.jta.platform.internal.JtaPlatformInitiator - HHH000489: No JTA platform available (set 'hibernate.transaction.jta.platform' to enable JTA platform integration)
2025-12-31 12:33:37 INFO  o.s.orm.jpa.LocalContainerEntityManagerFactoryBean - Initialized JPA EntityManagerFactory for persistence unit 'default'
2025-12-31 12:33:38 INFO  o.s.d.jpa.repository.query.QueryEnhancerFactories - Hibernate is in classpath; If applicable, HQL parser will be used.
2025-12-31 12:33:39 INFO  org.match.batch.SpectateurWritter - 📝 Configuration du JpaItemWriter pour EntrySpectateur
2025-12-31 12:33:39 INFO  org.match.batch.BatchConfig - Configuration du step JSON avec chunk size: 10
2025-12-31 12:33:39 INFO  org.match.batch.BatchConfig - Configuration du step XML avec chunk size: 4
2025-12-31 12:33:39 INFO  org.match.batch.BatchConfig - Configuration du step de statistiques (tasklet)
2025-12-31 12:33:39 INFO  org.match.batch.BatchConfig - Configuration du Job Batch avec l'ordre: XML → JSON → Statistiques
2025-12-31 12:33:39 INFO  org.match.batch.BatchConfig - Détails du job:
2025-12-31 12:33:39 INFO  org.match.batch.BatchConfig -    - Step 1: XML (chunk: 4)
2025-12-31 12:33:39 INFO  org.match.batch.BatchConfig -    - Step 2: JSON (chunk: 10)
2025-12-31 12:33:39 INFO  org.match.batch.BatchConfig -    - Step 3: Statistiques (tasklet)
2025-12-31 12:33:39 WARN  o.s.b.j.a.JpaBaseConfiguration$JpaWebConfiguration - spring.jpa.open-in-view is enabled by default. Therefore, database queries may be performed during view rendering. Explicitly configure spring.jpa.open-in-view to disable this warning
2025-12-31 12:33:40 INFO  o.s.b.actuate.endpoint.web.EndpointLinksResolver - Exposing 1 endpoint beneath base path '/actuator'
2025-12-31 12:33:40 INFO  org.apache.coyote.http11.Http11NioProtocol - Starting ProtocolHandler ["http-nio-8080"]
2025-12-31 12:33:40 INFO  org.springframework.boot.tomcat.TomcatWebServer - Tomcat started on port 8080 (http) with context path '/'
2025-12-31 12:33:40 INFO  org.match.ProjectSpringbatchApplication - Started ProjectSpringbatchApplication in 11.339 seconds (process running for 12.937)
2025-12-31 12:33:40 INFO  org.match.batch.BatchScheduler - Démarrage de l'exécution du batch - ID: 1767180820685
2025-12-31 12:33:40 INFO  o.s.b.core.launch.support.TaskExecutorJobLauncher - Job: [SimpleJob: [name=spectateurJob]] launched with the following parameters: [{JobParameter{name='run.id', value=1767180820686, type=class java.lang.Long, identifying=true}}]
2025-12-31 12:33:40 INFO  o.springframework.batch.core.job.SimpleStepHandler - Executing step: [xmlStep]
2025-12-31 12:33:40 INFO  org.match.batch.SpectateurXmlReader - 📖 Configuration du reader XML pour spectateurs
2025-12-31 12:33:41 INFO  o.a.c.core.ContainerBase.[Tomcat].[localhost].[/] - Initializing Spring DispatcherServlet 'dispatcherServlet'
2025-12-31 12:33:41 INFO  org.springframework.web.servlet.DispatcherServlet - Initializing Servlet 'dispatcherServlet'
2025-12-31 12:33:41 INFO  org.springframework.web.servlet.DispatcherServlet - Completed initialization in 4 ms
2025-12-31 12:33:41 INFO  org.springframework.batch.core.step.AbstractStep - Step: [xmlStep] executed in 1s14ms
2025-12-31 12:33:41 INFO  o.springframework.batch.core.job.SimpleStepHandler - Executing step: [jsonStep]
2025-12-31 12:33:41 INFO  org.match.batch.SpectateurJsonReader - 📖 Chargement du fichier JSON: input/spectateurs.json
2025-12-31 12:33:42 INFO  org.match.batch.SpectateurJsonReader - ✅ 18 spectateurs chargés depuis le JSON
2025-12-31 12:33:42 INFO  org.springframework.batch.core.step.AbstractStep - Step: [jsonStep] executed in 429ms
2025-12-31 12:33:42 INFO  o.springframework.batch.core.job.SimpleStepHandler - Executing step: [statisticsStep]
2025-12-31 12:33:42 INFO  org.match.service.StatisticsService - 📊 Début du calcul des statistiques dérivées...
2025-12-31 12:33:42 INFO  org.match.service.StatisticsService - Sauvegarde de 127 statistiques dans la base de données...
2025-12-31 12:33:42 INFO  org.match.service.StatisticsService - ✅ 127 statistiques calculées et enregistrées avec succès en 748 ms
2025-12-31 12:33:42 INFO  org.springframework.batch.core.step.AbstractStep - Step: [statisticsStep] executed in 775ms
2025-12-31 12:33:42 INFO  o.s.b.core.launch.support.TaskExecutorJobLauncher - Job: [SimpleJob: [name=spectateurJob]] completed with the following parameters: [{JobParameter{name='run.id', value=1767180820686, type=class java.lang.Long, identifying=true}}] and the following status: [COMPLETED] in 2s228ms
2025-12-31 12:33:42 INFO  org.match.batch.BatchScheduler - ✅ Batch terminé avec succès
2025-12-31 12:43:42 INFO  org.match.batch.BatchScheduler - Démarrage de l'exécution du batch - ID: 1767181422995
2025-12-31 12:43:42 ERROR org.match.batch.BatchScheduler - ❌ Erreur lors de l'exécution du batch - ID: 1767181422999
org.springframework.batch.core.launch.JobInstanceAlreadyCompleteException: A job instance already exists and is complete for identifying parameters={JobParameter{name='run.id', value=1767180820686, type=class java.lang.Long, identifying=true}}.  If you want to run this job again, change the parameters.
	at org.springframework.batch.core.launch.support.TaskExecutorJobLauncher.createJobExecution(TaskExecutorJobLauncher.java:149)
	at org.springframework.batch.core.launch.support.TaskExecutorJobLauncher.run(TaskExecutorJobLauncher.java:108)
	at java.base/jdk.internal.reflect.DirectMethodHandleAccessor.invoke(DirectMethodHandleAccessor.java:103)
	at java.base/java.lang.reflect.Method.invoke(Method.java:580)
	at org.springframework.aop.support.AopUtils.invokeJoinpointUsingReflection(AopUtils.java:359)
	at org.springframework.aop.framework.ReflectiveMethodInvocation.invokeJoinpoint(ReflectiveMethodInvocation.java:190)
	at org.springframework.aop.framework.ReflectiveMethodInvocation.proceed(ReflectiveMethodInvocation.java:158)
	at org.springframework.transaction.interceptor.TransactionAspectSupport.invokeWithinTransaction(TransactionAspectSupport.java:370)
	at org.springframework.transaction.interceptor.TransactionInterceptor.invoke(TransactionInterceptor.java:118)
	at org.springframework.aop.framework.ReflectiveMethodInvocation.proceed(ReflectiveMethodInvocation.java:179)
	at org.springframework.aop.framework.JdkDynamicAopProxy.invoke(JdkDynamicAopProxy.java:222)
	at jdk.proxy2/jdk.proxy2.$Proxy155.run(Unknown Source)
	at org.match.batch.BatchScheduler.launchBatchJob(BatchScheduler.java:35)
	at java.base/jdk.internal.reflect.DirectMethodHandleAccessor.invoke(DirectMethodHandleAccessor.java:103)
	at java.base/java.lang.reflect.Method.invoke(Method.java:580)
	at org.springframework.scheduling.support.ScheduledMethodRunnable.runInternal(ScheduledMethodRunnable.java:128)
	at org.springframework.scheduling.support.ScheduledMethodRunnable.lambda$run$1(ScheduledMethodRunnable.java:122)
	at io.micrometer.observation.Observation.observe(Observation.java:499)
	at org.springframework.scheduling.support.ScheduledMethodRunnable.run(ScheduledMethodRunnable.java:122)
	at org.springframework.scheduling.config.Task$OutcomeTrackingRunnable.run(Task.java:88)
	at org.springframework.scheduling.support.DelegatingErrorHandlingRunnable.run(DelegatingErrorHandlingRunnable.java:54)
	at java.base/java.util.concurrent.Executors$RunnableAdapter.call(Executors.java:572)
	at java.base/java.util.concurrent.FutureTask.runAndReset(FutureTask.java:358)
	at java.base/java.util.concurrent.ScheduledThreadPoolExecutor$ScheduledFutureTask.run(ScheduledThreadPoolExecutor.java:305)
	at java.base/java.util.concurrent.ThreadPoolExecutor.runWorker(ThreadPoolExecutor.java:1144)
	at java.base/java.util.concurrent.ThreadPoolExecutor$Worker.run(ThreadPoolExecutor.java:642)
	at java.base/java.lang.Thread.run(Thread.java:1583)
2025-12-31 12:53:43 INFO  org.match.batch.BatchScheduler - Démarrage de l'exécution du batch - ID: 1767182023009
2025-12-31 12:53:43 ERROR org.match.batch.BatchScheduler - ❌ Erreur lors de l'exécution du batch - ID: 1767182023010
org.springframework.batch.core.launch.JobInstanceAlreadyCompleteException: A job instance already exists and is complete for identifying parameters={JobParameter{name='run.id', value=1767180820686, type=class java.lang.Long, identifying=true}}.  If you want to run this job again, change the parameters.
	at org.springframework.batch.core.launch.support.TaskExecutorJobLauncher.createJobExecution(TaskExecutorJobLauncher.java:149)
	at org.springframework.batch.core.launch.support.TaskExecutorJobLauncher.run(TaskExecutorJobLauncher.java:108)
	at java.base/jdk.internal.reflect.DirectMethodHandleAccessor.invoke(DirectMethodHandleAccessor.java:103)
	at java.base/java.lang.reflect.Method.invoke(Method.java:580)
	at org.springframework.aop.support.AopUtils.invokeJoinpointUsingReflection(AopUtils.java:359)
	at org.springframework.aop.framework.ReflectiveMethodInvocation.invokeJoinpoint(ReflectiveMethodInvocation.java:190)
	at org.springframework.aop.framework.ReflectiveMethodInvocation.proceed(ReflectiveMethodInvocation.java:158)
	at org.springframework.transaction.interceptor.TransactionAspectSupport.invokeWithinTransaction(TransactionAspectSupport.java:370)
	at org.springframework.transaction.interceptor.TransactionInterceptor.invoke(TransactionInterceptor.java:118)
	at org.springframework.aop.framework.ReflectiveMethodInvocation.proceed(ReflectiveMethodInvocation.java:179)
	at org.springframework.aop.framework.JdkDynamicAopProxy.invoke(JdkDynamicAopProxy.java:222)
	at jdk.proxy2/jdk.proxy2.$Proxy155.run(Unknown Source)
	at org.match.batch.BatchScheduler.launchBatchJob(BatchScheduler.java:35)
	at java.base/jdk.internal.reflect.DirectMethodHandleAccessor.invoke(DirectMethodHandleAccessor.java:103)
	at java.base/java.lang.reflect.Method.invoke(Method.java:580)
	at org.springframework.scheduling.support.ScheduledMethodRunnable.runInternal(ScheduledMethodRunnable.java:128)
	at org.springframework.scheduling.support.ScheduledMethodRunnable.lambda$run$1(ScheduledMethodRunnable.java:122)
	at io.micrometer.observation.Observation.observe(Observation.java:499)
	at org.springframework.scheduling.support.ScheduledMethodRunnable.run(ScheduledMethodRunnable.java:122)
	at org.springframework.scheduling.config.Task$OutcomeTrackingRunnable.run(Task.java:88)
	at org.springframework.scheduling.support.DelegatingErrorHandlingRunnable.run(DelegatingErrorHandlingRunnable.java:54)
	at java.base/java.util.concurrent.Executors$RunnableAdapter.call(Executors.java:572)
	at java.base/java.util.concurrent.FutureTask.runAndReset(FutureTask.java:358)
	at java.base/java.util.concurrent.ScheduledThreadPoolExecutor$ScheduledFutureTask.run(ScheduledThreadPoolExecutor.java:305)
	at java.base/java.util.concurrent.ThreadPoolExecutor.runWorker(ThreadPoolExecutor.java:1144)
	at java.base/java.util.concurrent.ThreadPoolExecutor$Worker.run(ThreadPoolExecutor.java:642)
	at java.base/java.lang.Thread.run(Thread.java:1583)
2025-12-31 12:57:24 INFO  org.springframework.boot.tomcat.GracefulShutdown - Commencing graceful shutdown. Waiting for active requests to complete
2025-12-31 12:57:24 INFO  org.springframework.boot.tomcat.GracefulShutdown - Graceful shutdown complete
2025-12-31 12:57:24 INFO  o.s.orm.jpa.LocalContainerEntityManagerFactoryBean - Closing JPA EntityManagerFactory for persistence unit 'default'
2025-12-31 12:57:24 INFO  com.zaxxer.hikari.HikariDataSource - HikariPool-1 - Shutdown initiated...
2025-12-31 12:57:24 INFO  com.zaxxer.hikari.HikariDataSource - HikariPool-1 - Shutdown completed.
2025-12-31 12:57:43 INFO  org.match.ProjectSpringbatchApplication - Starting ProjectSpringbatchApplication using Java 21.0.9 with PID 21957 (/media/lahboub/D1/projects/project-springbatch/target/classes started by lahboub in /media/lahboub/D1/projects/project-springbatch)
2025-12-31 12:57:43 INFO  org.match.ProjectSpringbatchApplication - No active profile set, falling back to 1 default profile: "default"
2025-12-31 12:57:45 INFO  o.s.d.r.config.RepositoryConfigurationDelegate - Multiple Spring Data modules found, entering strict repository configuration mode
2025-12-31 12:57:45 INFO  o.s.d.r.config.RepositoryConfigurationDelegate - Bootstrapping Spring Data JDBC repositories in DEFAULT mode.
2025-12-31 12:57:45 INFO  o.s.d.r.c.RepositoryConfigurationExtensionSupport - Spring Data JDBC - Could not safely identify store assignment for repository candidate interface org.match.repository.EntrySpectateurRepository; If you want this repository to be a JDBC repository, consider annotating your entities with one of these annotations: org.springframework.data.relational.core.mapping.Table.
2025-12-31 12:57:45 INFO  o.s.d.r.c.RepositoryConfigurationExtensionSupport - Spring Data JDBC - Could not safely identify store assignment for repository candidate interface org.match.repository.SpectateurRepository; If you want this repository to be a JDBC repository, consider annotating your entities with one of these annotations: org.springframework.data.relational.core.mapping.Table.
2025-12-31 12:57:45 INFO  o.s.d.r.c.RepositoryConfigurationExtensionSupport - Spring Data JDBC - Could not safely identify store assignment for repository candidate interface org.match.repository.StatisticsRepository; If you want this repository to be a JDBC repository, consider annotating your entities with one of these annotations: org.springframework.data.relational.core.mapping.Table.
2025-12-31 12:57:45 INFO  o.s.d.r.config.RepositoryConfigurationDelegate - Finished Spring Data repository scanning in 60 ms. Found 0 JDBC repository interfaces.
2025-12-31 12:57:45 INFO  o.s.d.r.config.RepositoryConfigurationDelegate - Multiple Spring Data modules found, entering strict repository configuration mode
2025-12-31 12:57:45 INFO  o.s.d.r.config.RepositoryConfigurationDelegate - Bootstrapping Spring Data JPA repositories in DEFAULT mode.
2025-12-31 12:57:45 INFO  o.s.d.r.config.RepositoryConfigurationDelegate - Finished Spring Data repository scanning in 75 ms. Found 3 JPA repository interfaces.
2025-12-31 12:57:46 INFO  org.springframework.boot.tomcat.TomcatWebServer - Tomcat initialized with port 8080 (http)
2025-12-31 12:57:46 INFO  org.apache.coyote.http11.Http11NioProtocol - Initializing ProtocolHandler ["http-nio-8080"]
2025-12-31 12:57:46 INFO  org.apache.catalina.core.StandardService - Starting service [Tomcat]
2025-12-31 12:57:46 INFO  org.apache.catalina.core.StandardEngine - Starting Servlet engine: [Apache Tomcat/11.0.14]
2025-12-31 12:57:46 INFO  o.s.b.w.c.servlet.WebApplicationContextInitializer - Root WebApplicationContext: initialization completed in 2613 ms
2025-12-31 12:57:47 INFO  org.hibernate.jpa.internal.util.LogHelper - HHH000204: Processing PersistenceUnitInfo [name: default]
2025-12-31 12:57:47 INFO  org.hibernate.Version - HHH000412: Hibernate ORM core version 7.1.8.Final
2025-12-31 12:57:48 INFO  o.s.o.j.persistenceunit.SpringPersistenceUnitInfo - No LoadTimeWeaver setup: ignoring JPA class transformer
2025-12-31 12:57:48 INFO  com.zaxxer.hikari.HikariDataSource - HikariPool-1 - Starting...
2025-12-31 12:57:48 INFO  com.zaxxer.hikari.pool.HikariPool - HikariPool-1 - Added connection org.postgresql.jdbc.PgConnection@20a9fb01
2025-12-31 12:57:48 INFO  com.zaxxer.hikari.HikariDataSource - HikariPool-1 - Start completed.
2025-12-31 12:57:48 WARN  org.hibernate.orm.deprecation - HHH90000025: PostgreSQLDialect does not need to be specified explicitly using 'hibernate.dialect' (remove the property setting and it will be selected by default)
2025-12-31 12:57:48 INFO  org.hibernate.orm.connections.pooling - HHH10001005: Database info:
	Database JDBC URL [jdbc:postgresql://localhost:5432/spec_db]
	Database driver: PostgreSQL JDBC Driver
	Database dialect: PostgreSQLDialect
	Database version: 15.15
	Default catalog/schema: spec_db/public
	Autocommit mode: undefined/unknown
	Isolation level: READ_COMMITTED [default READ_COMMITTED]
	JDBC fetch size: none
	Pool: DatasourceConnectionProviderImpl
	Minimum pool size: undefined/unknown
	Maximum pool size: undefined/unknown
2025-12-31 12:57:50 INFO  o.h.e.t.jta.platform.internal.JtaPlatformInitiator - HHH000489: No JTA platform available (set 'hibernate.transaction.jta.platform' to enable JTA platform integration)
2025-12-31 12:57:50 INFO  o.s.orm.jpa.LocalContainerEntityManagerFactoryBean - Initialized JPA EntityManagerFactory for persistence unit 'default'
2025-12-31 12:57:50 INFO  o.s.d.jpa.repository.query.QueryEnhancerFactories - Hibernate is in classpath; If applicable, HQL parser will be used.
2025-12-31 12:57:51 INFO  org.match.batch.SpectateurWritter - 📝 Configuration du JpaItemWriter pour EntrySpectateur
2025-12-31 12:57:51 INFO  org.match.batch.BatchConfig - Configuration du step JSON avec chunk size: 10
2025-12-31 12:57:51 INFO  org.match.batch.BatchConfig - Configuration du step XML avec chunk size: 4
2025-12-31 12:57:51 INFO  org.match.batch.BatchConfig - Configuration du step de statistiques (tasklet)
2025-12-31 12:57:51 INFO  org.match.batch.BatchConfig - Configuration du Job Batch avec l'ordre: XML → JSON → Statistiques
2025-12-31 12:57:51 INFO  org.match.batch.BatchConfig - Détails du job:
2025-12-31 12:57:51 INFO  org.match.batch.BatchConfig -    - Step 1: XML (chunk: 4)
2025-12-31 12:57:51 INFO  org.match.batch.BatchConfig -    - Step 2: JSON (chunk: 10)
2025-12-31 12:57:51 INFO  org.match.batch.BatchConfig -    - Step 3: Statistiques (tasklet)
2025-12-31 12:57:51 WARN  o.s.b.j.a.JpaBaseConfiguration$JpaWebConfiguration - spring.jpa.open-in-view is enabled by default. Therefore, database queries may be performed during view rendering. Explicitly configure spring.jpa.open-in-view to disable this warning
2025-12-31 12:57:52 INFO  o.s.b.actuate.endpoint.web.EndpointLinksResolver - Exposing 1 endpoint beneath base path '/actuator'
2025-12-31 12:57:52 INFO  org.apache.coyote.http11.Http11NioProtocol - Starting ProtocolHandler ["http-nio-8080"]
2025-12-31 12:57:52 INFO  org.springframework.boot.tomcat.TomcatWebServer - Tomcat started on port 8080 (http) with context path '/'
2025-12-31 12:57:52 INFO  org.match.ProjectSpringbatchApplication - Started ProjectSpringbatchApplication in 10.171 seconds (process running for 11.532)
2025-12-31 12:57:52 INFO  org.match.batch.BatchScheduler - Démarrage de l'exécution du batch - ID: 1767182272837
2025-12-31 12:57:52 INFO  o.s.b.core.launch.support.TaskExecutorJobLauncher - Job: [SimpleJob: [name=spectateurJob]] launched with the following parameters: [{JobParameter{name='run.id', value=1767182272838, type=class java.lang.Long, identifying=true}}]
2025-12-31 12:57:52 INFO  o.springframework.batch.core.job.SimpleStepHandler - Executing step: [xmlStep]
2025-12-31 12:57:52 INFO  org.match.batch.SpectateurXmlReader - 📖 Configuration du reader XML pour spectateurs
2025-12-31 12:57:53 INFO  o.a.c.core.ContainerBase.[Tomcat].[localhost].[/] - Initializing Spring DispatcherServlet 'dispatcherServlet'
2025-12-31 12:57:53 INFO  org.springframework.web.servlet.DispatcherServlet - Initializing Servlet 'dispatcherServlet'
2025-12-31 12:57:53 INFO  org.springframework.web.servlet.DispatcherServlet - Completed initialization in 5 ms
2025-12-31 12:57:53 INFO  org.springframework.batch.core.step.AbstractStep - Step: [xmlStep] executed in 1s58ms
2025-12-31 12:57:53 INFO  o.springframework.batch.core.job.SimpleStepHandler - Executing step: [jsonStep]
2025-12-31 12:57:53 INFO  org.match.batch.SpectateurJsonReader - 📖 Chargement du fichier JSON: input/spectateurs.json
2025-12-31 12:57:54 INFO  org.match.batch.SpectateurJsonReader - ✅ 18 spectateurs chargés depuis le JSON
2025-12-31 12:57:54 INFO  org.springframework.batch.core.step.AbstractStep - Step: [jsonStep] executed in 307ms
2025-12-31 12:57:54 INFO  o.springframework.batch.core.job.SimpleStepHandler - Executing step: [statisticsStep]
2025-12-31 12:57:54 INFO  org.match.service.StatisticsService - 📊 Début du calcul des statistiques dérivées...
2025-12-31 12:57:54 INFO  org.match.service.StatisticsService - Sauvegarde de 127 statistiques dans la base de données...
2025-12-31 12:57:54 INFO  org.match.service.StatisticsService - ✅ 127 statistiques calculées et enregistrées avec succès en 510 ms
2025-12-31 12:57:54 INFO  org.springframework.batch.core.step.AbstractStep - Step: [statisticsStep] executed in 535ms
2025-12-31 12:57:54 INFO  o.s.b.core.launch.support.TaskExecutorJobLauncher - Job: [SimpleJob: [name=spectateurJob]] completed with the following parameters: [{JobParameter{name='run.id', value=1767182272838, type=class java.lang.Long, identifying=true}}] and the following status: [COMPLETED] in 1s914ms
2025-12-31 12:57:54 INFO  org.match.batch.BatchScheduler - ✅ Batch terminé avec succès
2025-12-31 12:57:58 INFO  org.springframework.boot.tomcat.GracefulShutdown - Commencing graceful shutdown. Waiting for active requests to complete
2025-12-31 12:57:58 INFO  org.springframework.boot.tomcat.GracefulShutdown - Graceful shutdown complete
2025-12-31 12:57:58 INFO  o.s.orm.jpa.LocalContainerEntityManagerFactoryBean - Closing JPA EntityManagerFactory for persistence unit 'default'
2025-12-31 12:57:58 INFO  com.zaxxer.hikari.HikariDataSource - HikariPool-1 - Shutdown initiated...
2025-12-31 12:57:58 INFO  com.zaxxer.hikari.HikariDataSource - HikariPool-1 - Shutdown completed.
2025-12-31 13:24:57 INFO  org.match.ProjectSpringbatchApplication - Starting ProjectSpringbatchApplication using Java 21.0.9 with PID 23014 (/media/lahboub/D1/projects/project-springbatch/target/classes started by lahboub in /media/lahboub/D1/projects/project-springbatch)
2025-12-31 13:24:57 INFO  org.match.ProjectSpringbatchApplication - No active profile set, falling back to 1 default profile: "default"
2025-12-31 13:25:00 INFO  o.s.d.r.config.RepositoryConfigurationDelegate - Multiple Spring Data modules found, entering strict repository configuration mode
2025-12-31 13:25:00 INFO  o.s.d.r.config.RepositoryConfigurationDelegate - Bootstrapping Spring Data JDBC repositories in DEFAULT mode.
2025-12-31 13:25:00 INFO  o.s.d.r.c.RepositoryConfigurationExtensionSupport - Spring Data JDBC - Could not safely identify store assignment for repository candidate interface org.match.repository.EntrySpectateurRepository; If you want this repository to be a JDBC repository, consider annotating your entities with one of these annotations: org.springframework.data.relational.core.mapping.Table.
2025-12-31 13:25:00 INFO  o.s.d.r.c.RepositoryConfigurationExtensionSupport - Spring Data JDBC - Could not safely identify store assignment for repository candidate interface org.match.repository.SpectateurRepository; If you want this repository to be a JDBC repository, consider annotating your entities with one of these annotations: org.springframework.data.relational.core.mapping.Table.
2025-12-31 13:25:00 INFO  o.s.d.r.c.RepositoryConfigurationExtensionSupport - Spring Data JDBC - Could not safely identify store assignment for repository candidate interface org.match.repository.StatisticsRepository; If you want this repository to be a JDBC repository, consider annotating your entities with one of these annotations: org.springframework.data.relational.core.mapping.Table.
2025-12-31 13:25:00 INFO  o.s.d.r.config.RepositoryConfigurationDelegate - Finished Spring Data repository scanning in 109 ms. Found 0 JDBC repository interfaces.
2025-12-31 13:25:00 INFO  o.s.d.r.config.RepositoryConfigurationDelegate - Multiple Spring Data modules found, entering strict repository configuration mode
2025-12-31 13:25:00 INFO  o.s.d.r.config.RepositoryConfigurationDelegate - Bootstrapping Spring Data JPA repositories in DEFAULT mode.
2025-12-31 13:25:00 INFO  o.s.d.r.config.RepositoryConfigurationDelegate - Finished Spring Data repository scanning in 155 ms. Found 3 JPA repository interfaces.
2025-12-31 13:25:02 INFO  org.springframework.boot.tomcat.TomcatWebServer - Tomcat initialized with port 8080 (http)
2025-12-31 13:25:02 INFO  org.apache.coyote.http11.Http11NioProtocol - Initializing ProtocolHandler ["http-nio-8080"]
2025-12-31 13:25:02 INFO  org.apache.catalina.core.StandardService - Starting service [Tomcat]
2025-12-31 13:25:02 INFO  org.apache.catalina.core.StandardEngine - Starting Servlet engine: [Apache Tomcat/11.0.14]
2025-12-31 13:25:02 INFO  o.s.b.w.c.servlet.WebApplicationContextInitializer - Root WebApplicationContext: initialization completed in 4626 ms
2025-12-31 13:25:03 INFO  org.hibernate.jpa.internal.util.LogHelper - HHH000204: Processing PersistenceUnitInfo [name: default]
2025-12-31 13:25:03 INFO  org.hibernate.Version - HHH000412: Hibernate ORM core version 7.1.8.Final
2025-12-31 13:25:04 INFO  o.s.o.j.persistenceunit.SpringPersistenceUnitInfo - No LoadTimeWeaver setup: ignoring JPA class transformer
2025-12-31 13:25:05 INFO  com.zaxxer.hikari.HikariDataSource - HikariPool-1 - Starting...
2025-12-31 13:25:05 INFO  com.zaxxer.hikari.pool.HikariPool - HikariPool-1 - Added connection org.postgresql.jdbc.PgConnection@5eef8a16
2025-12-31 13:25:05 INFO  com.zaxxer.hikari.HikariDataSource - HikariPool-1 - Start completed.
2025-12-31 13:25:05 WARN  org.hibernate.orm.deprecation - HHH90000025: PostgreSQLDialect does not need to be specified explicitly using 'hibernate.dialect' (remove the property setting and it will be selected by default)
2025-12-31 13:25:05 INFO  org.hibernate.orm.connections.pooling - HHH10001005: Database info:
	Database JDBC URL [jdbc:postgresql://localhost:5432/spec_db]
	Database driver: PostgreSQL JDBC Driver
	Database dialect: PostgreSQLDialect
	Database version: 15.15
	Default catalog/schema: spec_db/public
	Autocommit mode: undefined/unknown
	Isolation level: READ_COMMITTED [default READ_COMMITTED]
	JDBC fetch size: none
	Pool: DatasourceConnectionProviderImpl
	Minimum pool size: undefined/unknown
	Maximum pool size: undefined/unknown
2025-12-31 13:25:08 INFO  o.h.e.t.jta.platform.internal.JtaPlatformInitiator - HHH000489: No JTA platform available (set 'hibernate.transaction.jta.platform' to enable JTA platform integration)
2025-12-31 13:25:08 INFO  o.s.orm.jpa.LocalContainerEntityManagerFactoryBean - Initialized JPA EntityManagerFactory for persistence unit 'default'
2025-12-31 13:25:09 INFO  o.s.d.jpa.repository.query.QueryEnhancerFactories - Hibernate is in classpath; If applicable, HQL parser will be used.
2025-12-31 13:25:10 INFO  org.match.batch.SpectateurWritter - 📝 Configuration du JpaItemWriter pour EntrySpectateur
2025-12-31 13:25:10 INFO  org.match.batch.BatchConfig - Configuration du step JSON avec chunk size: 10
2025-12-31 13:25:10 INFO  org.match.batch.BatchConfig - Configuration du step XML avec chunk size: 4
2025-12-31 13:25:11 INFO  org.match.batch.BatchConfig - Configuration du step de statistiques (tasklet)
2025-12-31 13:25:11 INFO  org.match.batch.BatchConfig - Configuration du Job Batch avec l'ordre: XML → JSON → Statistiques
2025-12-31 13:25:11 INFO  org.match.batch.BatchConfig - Détails du job:
2025-12-31 13:25:11 INFO  org.match.batch.BatchConfig -    - Step 1: XML (chunk: 4)
2025-12-31 13:25:11 INFO  org.match.batch.BatchConfig -    - Step 2: JSON (chunk: 10)
2025-12-31 13:25:11 INFO  org.match.batch.BatchConfig -    - Step 3: Statistiques (tasklet)
2025-12-31 13:25:11 WARN  o.s.b.j.a.JpaBaseConfiguration$JpaWebConfiguration - spring.jpa.open-in-view is enabled by default. Therefore, database queries may be performed during view rendering. Explicitly configure spring.jpa.open-in-view to disable this warning
2025-12-31 13:25:13 INFO  o.s.b.actuate.endpoint.web.EndpointLinksResolver - Exposing 1 endpoint beneath base path '/actuator'
2025-12-31 13:25:13 INFO  org.apache.coyote.http11.Http11NioProtocol - Starting ProtocolHandler ["http-nio-8080"]
2025-12-31 13:25:13 INFO  org.springframework.boot.tomcat.TomcatWebServer - Tomcat started on port 8080 (http) with context path '/'
2025-12-31 13:25:13 INFO  org.match.ProjectSpringbatchApplication - Started ProjectSpringbatchApplication in 17.463 seconds (process running for 19.229)
2025-12-31 13:25:13 INFO  org.match.batch.BatchScheduler - Démarrage de l'exécution du batch - ID: 1767183913367
2025-12-31 13:25:13 INFO  o.s.b.core.launch.support.TaskExecutorJobLauncher - Job: [SimpleJob: [name=spectateurJob]] launched with the following parameters: [{JobParameter{name='run.id', value=1767183913369, type=class java.lang.Long, identifying=true}}]
2025-12-31 13:25:13 INFO  o.springframework.batch.core.job.SimpleStepHandler - Executing step: [xmlStep]
2025-12-31 13:25:13 INFO  org.match.batch.SpectateurXmlReader - 📖 Configuration du reader XML pour spectateurs
2025-12-31 13:25:14 INFO  o.a.c.core.ContainerBase.[Tomcat].[localhost].[/] - Initializing Spring DispatcherServlet 'dispatcherServlet'
2025-12-31 13:25:14 INFO  org.springframework.web.servlet.DispatcherServlet - Initializing Servlet 'dispatcherServlet'
2025-12-31 13:25:14 INFO  org.springframework.web.servlet.DispatcherServlet - Completed initialization in 9 ms
2025-12-31 13:25:14 INFO  org.springframework.batch.core.step.AbstractStep - Step: [xmlStep] executed in 1s467ms
2025-12-31 13:25:14 INFO  o.springframework.batch.core.job.SimpleStepHandler - Executing step: [jsonStep]
2025-12-31 13:25:14 INFO  org.match.batch.SpectateurJsonReader - 📖 Chargement du fichier JSON: input/spectateurs.json
2025-12-31 13:25:15 INFO  org.match.batch.SpectateurJsonReader - ✅ 18 spectateurs chargés depuis le JSON
2025-12-31 13:25:15 INFO  org.springframework.batch.core.step.AbstractStep - Step: [jsonStep] executed in 483ms
2025-12-31 13:25:15 INFO  o.springframework.batch.core.job.SimpleStepHandler - Executing step: [statisticsStep]
2025-12-31 13:25:15 INFO  org.match.service.StatisticsService - 📊 Début du calcul des statistiques dérivées...
2025-12-31 13:25:15 INFO  org.match.service.StatisticsService - Sauvegarde de 127 statistiques dans la base de données...
2025-12-31 13:25:16 INFO  org.match.service.StatisticsService - ✅ 127 statistiques calculées et enregistrées avec succès en 805 ms
2025-12-31 13:25:16 INFO  org.springframework.batch.core.step.AbstractStep - Step: [statisticsStep] executed in 849ms
2025-12-31 13:25:16 INFO  o.s.b.core.launch.support.TaskExecutorJobLauncher - Job: [SimpleJob: [name=spectateurJob]] completed with the following parameters: [{JobParameter{name='run.id', value=1767183913369, type=class java.lang.Long, identifying=true}}] and the following status: [COMPLETED] in 2s815ms
2025-12-31 13:25:16 INFO  org.match.batch.BatchScheduler - ✅ Batch terminé avec succès
2025-12-31 13:28:46 INFO  org.springframework.boot.tomcat.GracefulShutdown - Commencing graceful shutdown. Waiting for active requests to complete
2025-12-31 13:28:46 INFO  org.springframework.boot.tomcat.GracefulShutdown - Graceful shutdown complete
2025-12-31 13:28:46 INFO  o.s.orm.jpa.LocalContainerEntityManagerFactoryBean - Closing JPA EntityManagerFactory for persistence unit 'default'
2025-12-31 13:28:46 INFO  com.zaxxer.hikari.HikariDataSource - HikariPool-1 - Shutdown initiated...
2025-12-31 13:28:46 INFO  com.zaxxer.hikari.HikariDataSource - HikariPool-1 - Shutdown completed.
2025-12-31 13:30:25 INFO  org.match.ProjectSpringbatchApplication - Starting ProjectSpringbatchApplication using Java 21.0.9 with PID 24549 (/media/lahboub/D1/projects/project-springbatch/target/classes started by lahboub in /media/lahboub/D1/projects/project-springbatch)
2025-12-31 13:30:25 INFO  org.match.ProjectSpringbatchApplication - No active profile set, falling back to 1 default profile: "default"
2025-12-31 13:30:27 INFO  o.s.d.r.config.RepositoryConfigurationDelegate - Multiple Spring Data modules found, entering strict repository configuration mode
2025-12-31 13:30:27 INFO  o.s.d.r.config.RepositoryConfigurationDelegate - Bootstrapping Spring Data JDBC repositories in DEFAULT mode.
2025-12-31 13:30:27 INFO  o.s.d.r.c.RepositoryConfigurationExtensionSupport - Spring Data JDBC - Could not safely identify store assignment for repository candidate interface org.match.repository.EntrySpectateurRepository; If you want this repository to be a JDBC repository, consider annotating your entities with one of these annotations: org.springframework.data.relational.core.mapping.Table.
2025-12-31 13:30:27 INFO  o.s.d.r.c.RepositoryConfigurationExtensionSupport - Spring Data JDBC - Could not safely identify store assignment for repository candidate interface org.match.repository.SpectateurRepository; If you want this repository to be a JDBC repository, consider annotating your entities with one of these annotations: org.springframework.data.relational.core.mapping.Table.
2025-12-31 13:30:27 INFO  o.s.d.r.c.RepositoryConfigurationExtensionSupport - Spring Data JDBC - Could not safely identify store assignment for repository candidate interface org.match.repository.StatisticsRepository; If you want this repository to be a JDBC repository, consider annotating your entities with one of these annotations: org.springframework.data.relational.core.mapping.Table.
2025-12-31 13:30:27 INFO  o.s.d.r.config.RepositoryConfigurationDelegate - Finished Spring Data repository scanning in 104 ms. Found 0 JDBC repository interfaces.
2025-12-31 13:30:27 INFO  o.s.d.r.config.RepositoryConfigurationDelegate - Multiple Spring Data modules found, entering strict repository configuration mode
2025-12-31 13:30:27 INFO  o.s.d.r.config.RepositoryConfigurationDelegate - Bootstrapping Spring Data JPA repositories in DEFAULT mode.
2025-12-31 13:30:28 INFO  o.s.d.r.config.RepositoryConfigurationDelegate - Finished Spring Data repository scanning in 158 ms. Found 3 JPA repository interfaces.
2025-12-31 13:30:29 INFO  org.springframework.boot.tomcat.TomcatWebServer - Tomcat initialized with port 8080 (http)
2025-12-31 13:30:29 INFO  org.apache.coyote.http11.Http11NioProtocol - Initializing ProtocolHandler ["http-nio-8080"]
2025-12-31 13:30:29 INFO  org.apache.catalina.core.StandardService - Starting service [Tomcat]
2025-12-31 13:30:29 INFO  org.apache.catalina.core.StandardEngine - Starting Servlet engine: [Apache Tomcat/11.0.14]
2025-12-31 13:30:29 INFO  o.s.b.w.c.servlet.WebApplicationContextInitializer - Root WebApplicationContext: initialization completed in 4285 ms
2025-12-31 13:30:30 INFO  org.hibernate.jpa.internal.util.LogHelper - HHH000204: Processing PersistenceUnitInfo [name: default]
2025-12-31 13:30:30 INFO  org.hibernate.Version - HHH000412: Hibernate ORM core version 7.1.8.Final
2025-12-31 13:30:32 INFO  o.s.o.j.persistenceunit.SpringPersistenceUnitInfo - No LoadTimeWeaver setup: ignoring JPA class transformer
2025-12-31 13:30:32 INFO  com.zaxxer.hikari.HikariDataSource - HikariPool-1 - Starting...
2025-12-31 13:30:32 INFO  com.zaxxer.hikari.pool.HikariPool - HikariPool-1 - Added connection org.postgresql.jdbc.PgConnection@2078bf0a
2025-12-31 13:30:32 INFO  com.zaxxer.hikari.HikariDataSource - HikariPool-1 - Start completed.
2025-12-31 13:30:32 WARN  org.hibernate.orm.deprecation - HHH90000025: PostgreSQLDialect does not need to be specified explicitly using 'hibernate.dialect' (remove the property setting and it will be selected by default)
2025-12-31 13:30:32 INFO  org.hibernate.orm.connections.pooling - HHH10001005: Database info:
	Database JDBC URL [jdbc:postgresql://localhost:5432/spec_db]
	Database driver: PostgreSQL JDBC Driver
	Database dialect: PostgreSQLDialect
	Database version: 15.15
	Default catalog/schema: spec_db/public
	Autocommit mode: undefined/unknown
	Isolation level: READ_COMMITTED [default READ_COMMITTED]
	JDBC fetch size: none
	Pool: DatasourceConnectionProviderImpl
	Minimum pool size: undefined/unknown
	Maximum pool size: undefined/unknown
2025-12-31 13:30:36 INFO  o.h.e.t.jta.platform.internal.JtaPlatformInitiator - HHH000489: No JTA platform available (set 'hibernate.transaction.jta.platform' to enable JTA platform integration)
2025-12-31 13:30:36 INFO  o.s.orm.jpa.LocalContainerEntityManagerFactoryBean - Initialized JPA EntityManagerFactory for persistence unit 'default'
2025-12-31 13:30:36 INFO  o.s.d.jpa.repository.query.QueryEnhancerFactories - Hibernate is in classpath; If applicable, HQL parser will be used.
2025-12-31 13:30:47 INFO  org.match.batch.SpectateurWritter - 📝 Configuration du JpaItemWriter pour EntrySpectateur
2025-12-31 13:30:47 INFO  org.match.batch.BatchConfig - Configuration du step JSON avec chunk size: 10
2025-12-31 13:30:47 INFO  org.match.batch.BatchConfig - Configuration du step XML avec chunk size: 4
2025-12-31 13:30:47 INFO  org.match.batch.BatchConfig - Configuration du step de statistiques (tasklet)
2025-12-31 13:30:47 INFO  org.match.batch.BatchConfig - Configuration du Job Batch avec l'ordre: XML → JSON → Statistiques
2025-12-31 13:30:47 INFO  org.match.batch.BatchConfig - Détails du job:
2025-12-31 13:30:47 INFO  org.match.batch.BatchConfig -    - Step 1: XML (chunk: 4)
2025-12-31 13:30:47 INFO  org.match.batch.BatchConfig -    - Step 2: JSON (chunk: 10)
2025-12-31 13:30:47 INFO  org.match.batch.BatchConfig -    - Step 3: Statistiques (tasklet)
2025-12-31 13:30:48 WARN  o.s.b.j.a.JpaBaseConfiguration$JpaWebConfiguration - spring.jpa.open-in-view is enabled by default. Therefore, database queries may be performed during view rendering. Explicitly configure spring.jpa.open-in-view to disable this warning
2025-12-31 13:30:50 INFO  o.s.b.actuate.endpoint.web.EndpointLinksResolver - Exposing 1 endpoint beneath base path '/actuator'
2025-12-31 13:30:50 INFO  org.apache.coyote.http11.Http11NioProtocol - Starting ProtocolHandler ["http-nio-8080"]
2025-12-31 13:30:50 INFO  org.springframework.boot.tomcat.TomcatWebServer - Tomcat started on port 8080 (http) with context path '/'
2025-12-31 13:30:50 INFO  org.match.ProjectSpringbatchApplication - Started ProjectSpringbatchApplication in 26.65 seconds (process running for 28.221)
2025-12-31 13:30:50 INFO  org.match.batch.BatchScheduler - Démarrage de l'exécution du batch - ID: 1767184250363
2025-12-31 13:30:50 INFO  o.s.b.core.launch.support.TaskExecutorJobLauncher - Job: [SimpleJob: [name=spectateurJob]] launched with the following parameters: [{JobParameter{name='run.id', value=1767184250366, type=class java.lang.Long, identifying=true}}]
2025-12-31 13:30:50 INFO  o.springframework.batch.core.job.SimpleStepHandler - Executing step: [xmlStep]
2025-12-31 13:30:50 INFO  org.match.batch.SpectateurXmlReader - 📖 Configuration du reader XML pour spectateurs
2025-12-31 13:30:51 INFO  o.a.c.core.ContainerBase.[Tomcat].[localhost].[/] - Initializing Spring DispatcherServlet 'dispatcherServlet'
2025-12-31 13:30:51 INFO  org.springframework.web.servlet.DispatcherServlet - Initializing Servlet 'dispatcherServlet'
2025-12-31 13:30:51 INFO  org.springframework.web.servlet.DispatcherServlet - Completed initialization in 11 ms
2025-12-31 13:30:52 INFO  org.springframework.batch.core.step.AbstractStep - Step: [xmlStep] executed in 2s190ms
2025-12-31 13:30:52 INFO  o.springframework.batch.core.job.SimpleStepHandler - Executing step: [jsonStep]
2025-12-31 13:30:52 INFO  org.match.batch.SpectateurJsonReader - 📖 Chargement du fichier JSON: input/spectateurs.json
2025-12-31 13:30:52 INFO  org.match.batch.SpectateurJsonReader - ✅ 18 spectateurs chargés depuis le JSON
2025-12-31 13:30:53 INFO  org.springframework.batch.core.step.AbstractStep - Step: [jsonStep] executed in 434ms
2025-12-31 13:30:53 INFO  o.springframework.batch.core.job.SimpleStepHandler - Executing step: [statisticsStep]
2025-12-31 13:30:53 INFO  org.match.service.StatisticsService - 📊 Début du calcul des statistiques dérivées...
2025-12-31 13:30:53 INFO  org.match.service.StatisticsService - Sauvegarde de 127 statistiques dans la base de données...
2025-12-31 13:30:53 INFO  org.match.service.StatisticsService - ✅ 127 statistiques calculées et enregistrées avec succès en 534 ms
2025-12-31 13:30:53 INFO  org.springframework.batch.core.step.AbstractStep - Step: [statisticsStep] executed in 556ms
2025-12-31 13:30:53 INFO  o.s.b.core.launch.support.TaskExecutorJobLauncher - Job: [SimpleJob: [name=spectateurJob]] completed with the following parameters: [{JobParameter{name='run.id', value=1767184250366, type=class java.lang.Long, identifying=true}}] and the following status: [COMPLETED] in 3s197ms
2025-12-31 13:30:53 INFO  org.match.batch.BatchScheduler - ✅ Batch terminé avec succès
2025-12-31 13:40:45 INFO  org.springframework.boot.tomcat.GracefulShutdown - Commencing graceful shutdown. Waiting for active requests to complete
2025-12-31 13:40:45 INFO  org.springframework.boot.tomcat.GracefulShutdown - Graceful shutdown complete
2025-12-31 13:40:45 INFO  o.s.orm.jpa.LocalContainerEntityManagerFactoryBean - Closing JPA EntityManagerFactory for persistence unit 'default'
2025-12-31 13:40:45 INFO  com.zaxxer.hikari.HikariDataSource - HikariPool-1 - Shutdown initiated...
2025-12-31 13:40:45 INFO  com.zaxxer.hikari.HikariDataSource - HikariPool-1 - Shutdown completed.
